<?xml version="1.0" encoding="UTF-8"?>
<testsuite name="com.atikasoft.workshop.Dia4ApplicationTests" tests="1" skipped="0" failures="0" errors="0" timestamp="2016-08-15T23:42:41" hostname="pc" time="0.012">
  <properties/>
  <testcase name="contextLoads" classname="com.atikasoft.workshop.Dia4ApplicationTests" time="0.012"/>
  <system-out><![CDATA[18:42:38.715 [Test worker] DEBUG org.springframework.test.context.junit4.SpringJUnit4ClassRunner - SpringJUnit4ClassRunner constructor called with [class com.atikasoft.workshop.Dia4ApplicationTests]
18:42:38.718 [Test worker] DEBUG org.springframework.test.context.BootstrapUtils - Instantiating CacheAwareContextLoaderDelegate from class [org.springframework.test.context.cache.DefaultCacheAwareContextLoaderDelegate]
18:42:38.723 [Test worker] DEBUG org.springframework.test.context.BootstrapUtils - Instantiating BootstrapContext using constructor [public org.springframework.test.context.support.DefaultBootstrapContext(java.lang.Class,org.springframework.test.context.CacheAwareContextLoaderDelegate)]
18:42:38.736 [Test worker] DEBUG org.springframework.test.context.BootstrapUtils - Instantiating TestContextBootstrapper for test class [com.atikasoft.workshop.Dia4ApplicationTests] from class [org.springframework.boot.test.context.SpringBootTestContextBootstrapper]
18:42:38.747 [Test worker] INFO org.springframework.boot.test.context.SpringBootTestContextBootstrapper - Neither @ContextConfiguration nor @ContextHierarchy found for test class [com.atikasoft.workshop.Dia4ApplicationTests], using SpringBootContextLoader
18:42:38.751 [Test worker] DEBUG org.springframework.test.context.support.AbstractContextLoader - Did not detect default resource location for test class [com.atikasoft.workshop.Dia4ApplicationTests]: class path resource [com/atikasoft/workshop/Dia4ApplicationTests-context.xml] does not exist
18:42:38.751 [Test worker] DEBUG org.springframework.test.context.support.AbstractContextLoader - Did not detect default resource location for test class [com.atikasoft.workshop.Dia4ApplicationTests]: class path resource [com/atikasoft/workshop/Dia4ApplicationTestsContext.groovy] does not exist
18:42:38.751 [Test worker] INFO org.springframework.test.context.support.AbstractContextLoader - Could not detect default resource locations for test class [com.atikasoft.workshop.Dia4ApplicationTests]: no resource found for suffixes {-context.xml, Context.groovy}.
18:42:38.752 [Test worker] INFO org.springframework.test.context.support.AnnotationConfigContextLoaderUtils - Could not detect default configuration classes for test class [com.atikasoft.workshop.Dia4ApplicationTests]: Dia4ApplicationTests does not declare any static, non-private, non-final, nested classes annotated with @Configuration.
18:42:38.789 [Test worker] DEBUG org.springframework.test.context.support.ActiveProfilesUtils - Could not find an 'annotation declaring class' for annotation type [org.springframework.test.context.ActiveProfiles] and class [com.atikasoft.workshop.Dia4ApplicationTests]
18:42:38.837 [Test worker] DEBUG org.springframework.core.env.StandardEnvironment - Adding [systemProperties] PropertySource with lowest search precedence
18:42:38.839 [Test worker] DEBUG org.springframework.core.env.StandardEnvironment - Adding [systemEnvironment] PropertySource with lowest search precedence
18:42:38.839 [Test worker] DEBUG org.springframework.core.env.StandardEnvironment - Initialized StandardEnvironment with PropertySources [systemProperties,systemEnvironment]
18:42:38.851 [Test worker] DEBUG org.springframework.core.io.support.PathMatchingResourcePatternResolver - Resolved classpath location [com/atikasoft/workshop/] to resources [URL [file:/home/henry/Sources/microservices/dia4/workshop-ms-dia4/build/classes/test/com/atikasoft/workshop/], URL [file:/home/henry/Sources/microservices/dia4/workshop-ms-dia4/build/classes/main/com/atikasoft/workshop/]]
18:42:38.852 [Test worker] DEBUG org.springframework.core.io.support.PathMatchingResourcePatternResolver - Looking for matching resources in directory tree [/home/henry/Sources/microservices/dia4/workshop-ms-dia4/build/classes/test/com/atikasoft/workshop]
18:42:38.852 [Test worker] DEBUG org.springframework.core.io.support.PathMatchingResourcePatternResolver - Searching directory [/home/henry/Sources/microservices/dia4/workshop-ms-dia4/build/classes/test/com/atikasoft/workshop] for files matching pattern [/home/henry/Sources/microservices/dia4/workshop-ms-dia4/build/classes/test/com/atikasoft/workshop/*.class]
18:42:38.855 [Test worker] DEBUG org.springframework.core.io.support.PathMatchingResourcePatternResolver - Looking for matching resources in directory tree [/home/henry/Sources/microservices/dia4/workshop-ms-dia4/build/classes/main/com/atikasoft/workshop]
18:42:38.856 [Test worker] DEBUG org.springframework.core.io.support.PathMatchingResourcePatternResolver - Searching directory [/home/henry/Sources/microservices/dia4/workshop-ms-dia4/build/classes/main/com/atikasoft/workshop] for files matching pattern [/home/henry/Sources/microservices/dia4/workshop-ms-dia4/build/classes/main/com/atikasoft/workshop/*.class]
18:42:38.856 [Test worker] DEBUG org.springframework.core.io.support.PathMatchingResourcePatternResolver - Resolved location pattern [classpath*:com/atikasoft/workshop/*.class] to resources [file [/home/henry/Sources/microservices/dia4/workshop-ms-dia4/build/classes/test/com/atikasoft/workshop/Dia4ApplicationTests.class], file [/home/henry/Sources/microservices/dia4/workshop-ms-dia4/build/classes/main/com/atikasoft/workshop/Dia4Application.class]]
18:42:38.900 [Test worker] DEBUG org.springframework.context.annotation.ClassPathScanningCandidateComponentProvider - Identified candidate component class: file [/home/henry/Sources/microservices/dia4/workshop-ms-dia4/build/classes/main/com/atikasoft/workshop/Dia4Application.class]
18:42:38.901 [Test worker] INFO org.springframework.boot.test.context.SpringBootTestContextBootstrapper - Found @SpringBootConfiguration com.atikasoft.workshop.Dia4Application for test class com.atikasoft.workshop.Dia4ApplicationTests
18:42:38.904 [Test worker] DEBUG org.springframework.boot.test.context.SpringBootTestContextBootstrapper - @TestExecutionListeners is not present for class [com.atikasoft.workshop.Dia4ApplicationTests]: using defaults.
18:42:38.909 [Test worker] INFO org.springframework.boot.test.context.SpringBootTestContextBootstrapper - Loaded default TestExecutionListener class names from location [META-INF/spring.factories]: [org.springframework.boot.test.mock.mockito.MockitoTestExecutionListener, org.springframework.boot.test.mock.mockito.ResetMocksTestExecutionListener, org.springframework.boot.test.autoconfigure.AutoConfigureReportTestExecutionListener, org.springframework.boot.test.autoconfigure.restdocs.RestDocsTestExecutionListener, org.springframework.boot.test.autoconfigure.web.client.MockRestServiceServerResetTestExecutionListener, org.springframework.test.context.web.ServletTestExecutionListener, org.springframework.test.context.support.DirtiesContextBeforeModesTestExecutionListener, org.springframework.test.context.support.DependencyInjectionTestExecutionListener, org.springframework.test.context.support.DirtiesContextTestExecutionListener, org.springframework.test.context.transaction.TransactionalTestExecutionListener, org.springframework.test.context.jdbc.SqlScriptsTestExecutionListener]
18:42:38.917 [Test worker] INFO org.springframework.boot.test.context.SpringBootTestContextBootstrapper - Could not instantiate TestExecutionListener [org.springframework.test.context.jdbc.SqlScriptsTestExecutionListener]. Specify custom listener classes or make the default listener classes (and their required dependencies) available. Offending class: [org/springframework/transaction/interceptor/TransactionAttribute]
18:42:38.917 [Test worker] INFO org.springframework.boot.test.context.SpringBootTestContextBootstrapper - Could not instantiate TestExecutionListener [org.springframework.test.context.transaction.TransactionalTestExecutionListener]. Specify custom listener classes or make the default listener classes (and their required dependencies) available. Offending class: [org/springframework/transaction/TransactionDefinition]
18:42:38.918 [Test worker] INFO org.springframework.boot.test.context.SpringBootTestContextBootstrapper - Using TestExecutionListeners: [org.springframework.test.context.web.ServletTestExecutionListener@2bd10583, org.springframework.test.context.support.DirtiesContextBeforeModesTestExecutionListener@77774225, org.springframework.boot.test.autoconfigure.AutoConfigureReportTestExecutionListener@4553f3, org.springframework.test.context.support.DependencyInjectionTestExecutionListener@48f30c8b, org.springframework.test.context.support.DirtiesContextTestExecutionListener@6badf50b, org.springframework.boot.test.mock.mockito.MockitoTestExecutionListener@2606f431, org.springframework.boot.test.autoconfigure.web.client.MockRestServiceServerResetTestExecutionListener@c76f1c9, org.springframework.boot.test.mock.mockito.ResetMocksTestExecutionListener@5cb13398, org.springframework.boot.test.autoconfigure.restdocs.RestDocsTestExecutionListener@58b090a8]
18:42:38.919 [Test worker] DEBUG org.springframework.test.annotation.ProfileValueUtils - Retrieved @ProfileValueSourceConfiguration [null] for test class [com.atikasoft.workshop.Dia4ApplicationTests]
18:42:38.920 [Test worker] DEBUG org.springframework.test.annotation.ProfileValueUtils - Retrieved ProfileValueSource type [class org.springframework.test.annotation.SystemProfileValueSource] for class [com.atikasoft.workshop.Dia4ApplicationTests]
18:42:38.920 [Test worker] DEBUG org.springframework.test.annotation.ProfileValueUtils - Retrieved @ProfileValueSourceConfiguration [null] for test class [com.atikasoft.workshop.Dia4ApplicationTests]
18:42:38.921 [Test worker] DEBUG org.springframework.test.annotation.ProfileValueUtils - Retrieved ProfileValueSource type [class org.springframework.test.annotation.SystemProfileValueSource] for class [com.atikasoft.workshop.Dia4ApplicationTests]
18:42:38.924 [Test worker] DEBUG org.springframework.test.context.support.AbstractDirtiesContextTestExecutionListener - Before test class: context [DefaultTestContext@18c794cd testClass = Dia4ApplicationTests, testInstance = [null], testMethod = [null], testException = [null], mergedContextConfiguration = [WebMergedContextConfiguration@7f7f358a testClass = Dia4ApplicationTests, locations = '{}', classes = '{class com.atikasoft.workshop.Dia4Application}', contextInitializerClasses = '[]', activeProfiles = '{}', propertySourceLocations = '{}', propertySourceProperties = '{org.springframework.boot.test.context.SpringBootTestContextBootstrapper=true}', contextCustomizers = set[org.springframework.boot.test.context.SpringBootTestContextCustomizer@231c27a1, org.springframework.boot.test.context.filter.ExcludeFilterContextCustomizer@402b5692, org.springframework.boot.test.mock.mockito.MockitoContextCustomizer@0, org.springframework.boot.test.autoconfigure.properties.PropertyMappingContextCustomizer@0], resourceBasePath = 'src/main/webapp', contextLoader = 'org.springframework.boot.test.context.SpringBootContextLoader', parent = [null]]], class annotated with @DirtiesContext [false] with mode [null].
18:42:38.925 [Test worker] DEBUG org.springframework.test.annotation.ProfileValueUtils - Retrieved @ProfileValueSourceConfiguration [null] for test class [com.atikasoft.workshop.Dia4ApplicationTests]
18:42:38.925 [Test worker] DEBUG org.springframework.test.annotation.ProfileValueUtils - Retrieved ProfileValueSource type [class org.springframework.test.annotation.SystemProfileValueSource] for class [com.atikasoft.workshop.Dia4ApplicationTests]
18:42:38.950 [Test worker] DEBUG org.springframework.core.env.StandardEnvironment - Adding [systemProperties] PropertySource with lowest search precedence
18:42:38.950 [Test worker] DEBUG org.springframework.core.env.StandardEnvironment - Adding [systemEnvironment] PropertySource with lowest search precedence
18:42:38.951 [Test worker] DEBUG org.springframework.core.env.StandardEnvironment - Initialized StandardEnvironment with PropertySources [systemProperties,systemEnvironment]
18:42:38.951 [Test worker] DEBUG org.springframework.test.context.support.TestPropertySourceUtils - Adding inlined properties to environment: {spring.jmx.enabled=false, org.springframework.boot.test.context.SpringBootTestContextBootstrapper=true, server.port=-1}
18:42:38.952 [Test worker] DEBUG org.springframework.core.env.StandardEnvironment - Adding [Inlined Test Properties] PropertySource with highest search precedence

  .   ____          _            __ _ _
 /\\ / ___'_ __ _ _(_)_ __  __ _ \ \ \ \
( ( )\___ | '_ | '_| | '_ \/ _` | \ \ \ \
 \\/  ___)| |_)| | | | | || (_| |  ) ) ) )
  '  |____| .__|_| |_|_| |_\__, | / / / /
 =========|_|==============|___/=/_/_/_/
 :: Spring Boot ::        (v1.4.0.RELEASE)

2016-08-15 18:42:39.312  INFO 16677 --- [    Test worker] c.a.workshop.Dia4ApplicationTests        : Starting Dia4ApplicationTests on pc with PID 16677 (started by henry in /home/henry/Sources/microservices/dia4/workshop-ms-dia4)
2016-08-15 18:42:39.313  INFO 16677 --- [    Test worker] c.a.workshop.Dia4ApplicationTests        : No active profile set, falling back to default profiles: default
2016-08-15 18:42:39.367  INFO 16677 --- [    Test worker] o.s.w.c.s.GenericWebApplicationContext   : Refreshing org.springframework.web.context.support.GenericWebApplicationContext@752abea4: startup date [Mon Aug 15 18:42:39 ECT 2016]; root of context hierarchy
2016-08-15 18:42:41.204  INFO 16677 --- [    Test worker] s.w.s.m.m.a.RequestMappingHandlerAdapter : Looking for @ControllerAdvice: org.springframework.web.context.support.GenericWebApplicationContext@752abea4: startup date [Mon Aug 15 18:42:39 ECT 2016]; root of context hierarchy
2016-08-15 18:42:41.281  INFO 16677 --- [    Test worker] s.w.s.m.m.a.RequestMappingHandlerMapping : Mapped "{[/error],produces=[text/html]}" onto public org.springframework.web.servlet.ModelAndView org.springframework.boot.autoconfigure.web.BasicErrorController.errorHtml(javax.servlet.http.HttpServletRequest,javax.servlet.http.HttpServletResponse)
2016-08-15 18:42:41.282  INFO 16677 --- [    Test worker] s.w.s.m.m.a.RequestMappingHandlerMapping : Mapped "{[/error]}" onto public org.springframework.http.ResponseEntity<java.util.Map<java.lang.String, java.lang.Object>> org.springframework.boot.autoconfigure.web.BasicErrorController.error(javax.servlet.http.HttpServletRequest)
2016-08-15 18:42:41.317  INFO 16677 --- [    Test worker] o.s.w.s.handler.SimpleUrlHandlerMapping  : Mapped URL path [/webjars/**] onto handler of type [class org.springframework.web.servlet.resource.ResourceHttpRequestHandler]
2016-08-15 18:42:41.317  INFO 16677 --- [    Test worker] o.s.w.s.handler.SimpleUrlHandlerMapping  : Mapped URL path [/**] onto handler of type [class org.springframework.web.servlet.resource.ResourceHttpRequestHandler]
2016-08-15 18:42:41.360  INFO 16677 --- [    Test worker] o.s.w.s.handler.SimpleUrlHandlerMapping  : Mapped URL path [/**/favicon.ico] onto handler of type [class org.springframework.web.servlet.resource.ResourceHttpRequestHandler]
2016-08-15 18:42:41.537  INFO 16677 --- [    Test worker] c.a.workshop.Dia4ApplicationTests        : Started Dia4ApplicationTests in 2.577 seconds (JVM running for 3.381)
]]></system-out>
  <system-err><![CDATA[]]></system-err>
</testsuite>
